<?xml version="1.0" encoding="UTF-8"?>
<!-- Generated by org.testng.reporters.JUnitReportReporter -->
<testsuite ignored="0" hostname="WKWZTCqg8yKe7Lv" failures="0" tests="1" name="prueba.PruebaTest" time="3.552" errors="0" timestamp="20 Jan 2024 15:29:14 GMT" skipped="0">
  <testcase classname="prueba.PruebaTest" name="f" time="3.552"/>
</testsuite> <!-- prueba.PruebaTest -->
